#
# There is insufficient memory for the Java Runtime Environment to continue.
# Native memory allocation (malloc) failed to allocate 1048576 bytes for AllocateHeap
# Possible reasons:
#   The system is out of physical RAM or swap space
#   In 32 bit mode, the process size limit was hit
# Possible solutions:
#   Reduce memory load on the system
#   Increase physical memory or swap space
#   Check if swap backing store is full
#   Use 64 bit Java on a 64 bit OS
#   Decrease Java heap size (-Xmx/-Xms)
#   Decrease number of Java threads
#   Decrease Java thread stack sizes (-Xss)
#   Set larger code cache with -XX:ReservedCodeCacheSize=
# This output file may be truncated or incomplete.
#
#  Out of Memory Error (memory/allocation.inline.hpp:61), pid=21832, tid=0x0000000000004c5c
#
# JRE version:  (8.0_111-b14) (build )
# Java VM: Java HotSpot(TM) 64-Bit Server VM (25.111-b14 mixed mode windows-amd64 compressed oops)
# Failed to write core dump. Minidumps are not enabled by default on client versions of Windows
#

---------------  T H R E A D  ---------------

Current thread (0x0000000002b33000):  JavaThread "Unknown thread" [_thread_in_vm, id=19548, stack(0x00000000029c0000,0x0000000002ac0000)]

Stack: [0x00000000029c0000,0x0000000002ac0000]
[error occurred during error reporting (printing stack bounds), id 0xc0000005]

Native frames: (J=compiled Java code, j=interpreted, Vv=VM code, C=native code)


---------------  P R O C E S S  ---------------

Java Threads: ( => current thread )

Other Threads:

=>0x0000000002b33000 (exited) JavaThread "Unknown thread" [_thread_in_vm, id=19548, stack(0x00000000029c0000,0x0000000002ac0000)]

VM state:not at safepoint (normal execution)

VM Mutex/Monitor currently owned by a thread: None

Heap:
 PSYoungGen      total 76288K, used 1310K [0x000000076b400000, 0x0000000770900000, 0x00000007c0000000)
  eden space 65536K, 2% used [0x000000076b400000,0x000000076b547af0,0x000000076f400000)
  from space 10752K, 0% used [0x000000076fe80000,0x000000076fe80000,0x0000000770900000)
  to   space 10752K, 0% used [0x000000076f400000,0x000000076f400000,0x000000076fe80000)
 ParOldGen       total 175104K, used 0K [0x00000006c1c00000, 0x00000006cc700000, 0x000000076b400000)
  object space 175104K, 0% used [0x00000006c1c00000,0x00000006c1c00000,0x00000006cc700000)
 Metaspace       used 783K, capacity 1092K, committed 1152K, reserved 1060864K
  class space    used 75K, capacity 384K, committed 384K, reserved 1048576K

Card table byte_map: [0x0000000011ff0000,0x00000000127f0000] byte_map_base: 0x000000000e9e2000

Marking Bits: (ParMarkBitMap*) 0x0000000074d6a6c0
 Begin Bits: [0x0000000013140000, 0x00000000170d0000)
 End Bits:   [0x00000000170d0000, 0x000000001b060000)

Polling page: 0x00000000010b0000

CodeCache: size=245760Kb used=328Kb max_used=328Kb free=245431Kb
 bounds [0x0000000002c30000, 0x0000000002ea0000, 0x0000000011c30000]
 total_blobs=58 nmethods=0 adapters=38
 compilation: enabled

Compilation events (0 events):
No events

GC Heap History (0 events):
No events

Deoptimization events (0 events):
No events

Internal exceptions (0 events):
No events

Events (10 events):
Event: 0.023 loading class java/lang/Short
Event: 0.023 loading class java/lang/Short done
Event: 0.023 loading class java/lang/Integer
Event: 0.023 loading class java/lang/Integer done
Event: 0.023 loading class java/lang/Long
Event: 0.023 loading class java/lang/Long done
Event: 0.023 loading class java/lang/NullPointerException
Event: 0.023 loading class java/lang/NullPointerException done
Event: 0.023 loading class java/lang/ArithmeticException
Event: 0.023 loading class java/lang/ArithmeticException done


Dynamic libraries:
0x00007ff756490000 - 0x00007ff7564c7000 	C:\Program Files\Java\jdk1.8.0_111\jre\bin\java.exe
0x00007ffd22d10000 - 0x00007ffd22f05000 	C:\Windows\SYSTEM32\ntdll.dll
0x00007ffd22870000 - 0x00007ffd2292e000 	C:\Windows\System32\KERNEL32.DLL
0x00007ffd209c0000 - 0x00007ffd20c88000 	C:\Windows\System32\KERNELBASE.dll
0x00007ffd22080000 - 0x00007ffd2212c000 	C:\Windows\System32\ADVAPI32.dll
0x00007ffd21210000 - 0x00007ffd212ae000 	C:\Windows\System32\msvcrt.dll
0x00007ffd22b00000 - 0x00007ffd22b9b000 	C:\Windows\System32\sechost.dll
0x00007ffd20d60000 - 0x00007ffd20e8a000 	C:\Windows\System32\RPCRT4.dll
0x00007ffd21860000 - 0x00007ffd21a01000 	C:\Windows\System32\USER32.dll
0x00007ffd20780000 - 0x00007ffd207a2000 	C:\Windows\System32\win32u.dll
0x00007ffd21730000 - 0x00007ffd2175b000 	C:\Windows\System32\GDI32.dll
0x00007ffd20430000 - 0x00007ffd2053b000 	C:\Windows\System32\gdi32full.dll
0x00007ffd20c90000 - 0x00007ffd20d2d000 	C:\Windows\System32\msvcp_win.dll
0x00007ffd20680000 - 0x00007ffd20780000 	C:\Windows\System32\ucrtbase.dll
0x00007ffd05100000 - 0x00007ffd0539a000 	C:\Windows\WinSxS\amd64_microsoft.windows.common-controls_6595b64144ccf1df_6.0.19041.1110_none_60b5254171f9507e\COMCTL32.dll
0x00007ffd22930000 - 0x00007ffd22960000 	C:\Windows\System32\IMM32.DLL
0x0000000074470000 - 0x0000000074542000 	C:\Program Files\Java\jdk1.8.0_111\jre\bin\msvcr100.dll
0x0000000074550000 - 0x0000000074dea000 	C:\Program Files\Java\jdk1.8.0_111\jre\bin\server\jvm.dll
0x00007ffd22a80000 - 0x00007ffd22a88000 	C:\Windows\System32\PSAPI.DLL
0x00007ffd06b20000 - 0x00007ffd06b29000 	C:\Windows\SYSTEM32\WSOCK32.dll
0x00007ffd040b0000 - 0x00007ffd040d7000 	C:\Windows\SYSTEM32\WINMM.dll
0x00007ffd217f0000 - 0x00007ffd2185b000 	C:\Windows\System32\WS2_32.dll
0x00007ffd18a80000 - 0x00007ffd18a8a000 	C:\Windows\SYSTEM32\VERSION.dll
0x0000000076950000 - 0x000000007695f000 	C:\Program Files\Java\jdk1.8.0_111\jre\bin\verify.dll
0x0000000074440000 - 0x0000000074469000 	C:\Program Files\Java\jdk1.8.0_111\jre\bin\java.dll
0x0000000074420000 - 0x0000000074436000 	C:\Program Files\Java\jdk1.8.0_111\jre\bin\zip.dll

VM Arguments:
jvm_args: -Dfile.encoding=UTF-8 
java_command: C:\Users\kazp_\Documents\NetBeansProjects\TickAndToe\dist\run2034083305\TickAndToe.jar
java_class_path (initial): C:\Users\kazp_\Documents\NetBeansProjects\TickAndToe\dist\run2034083305\TickAndToe.jar
Launcher Type: SUN_STANDARD

Environment Variables:
PATH=C:\Windows;C:\Windows;C:\Windows;C:\ProgramData\Oracle\Java\javapath;C:\Program Files (x86)\Common Files\Oracle\Java\javapath;C:\Windows\system32;C:\Windows;C:\Windows\System32\Wbem;C:\Windows\System32\WindowsPowerShell\v1.0\;C:\Windows\System32\OpenSSH\;C:\Program Files (x86)\IVI Foundation\VISA\WinNT\Bin;C:\Program Files\NVIDIA Corporation\NVIDIA NvDLISR;C:\Program Files\Git\cmd;C:\Program Files\Microsoft SQL Server\Client SDK\ODBC\170\Tools\Binn\;C:\Program Files (x86)\Microsoft SQL Server\150\Tools\Binn\;C:\Program Files\Microsoft SQL Server\150\Tools\Binn\;C:\Program Files\Microsoft SQL Server\150\DTS\Binn\;C:\Program Files\nodejs\;C:\MinGW\bin;;C:\Program Files (x86)\NVIDIA Corporation\PhysX\Common;C:\Users\kazp_\AppData\Local\Programs\Python\Python39\Scripts\;C:\Users\kazp_\AppData\Local\Programs\Python\Python39\;C:\Users\kazp_\AppData\Local\Microsoft\WindowsApps;;C:\Users\kazp_\AppData\Local\Programs\Microsoft VS Code\bin;C:\Users\kazp_\AppData\Roaming\npm
USERNAME=kazp_
OS=Windows_NT
PROCESSOR_IDENTIFIER=Intel64 Family 6 Model 142 Stepping 9, GenuineIntel



---------------  S Y S T E M  ---------------

OS: Windows 10.0 , 64 bit Build 19041 (10.0.19041.1348)

CPU:total 4 (2 cores per cpu, 2 threads per core) family 6 model 142 stepping 9, cmov, cx8, fxsr, mmx, sse, sse2, sse3, ssse3, sse4.1, sse4.2, popcnt, avx, avx2, aes, clmul, erms, 3dnowpref, lzcnt, ht, tsc, tscinvbit, bmi1, bmi2, adx

Memory: 4k page, physical 16658596k(7401288k free), swap 66990244k(5296k free)

vm_info: Java HotSpot(TM) 64-Bit Server VM (25.111-b14) for windows-amd64 JRE (1.8.0_111-b14), built on Sep 22 2016 19:24:05 by "java_re" with MS VC++ 10.0 (VS2010)

time: Tue Dec 07 18:38:25 2021
elapsed time: 0 seconds (0d 0h 0m 0s)

