#
# There is insufficient memory for the Java Runtime Environment to continue.
# Native memory allocation (malloc) failed to allocate 206656 bytes for Chunk::new
# Possible reasons:
#   The system is out of physical RAM or swap space
#   In 32 bit mode, the process size limit was hit
# Possible solutions:
#   Reduce memory load on the system
#   Increase physical memory or swap space
#   Check if swap backing store is full
#   Use 64 bit Java on a 64 bit OS
#   Decrease Java heap size (-Xmx/-Xms)
#   Decrease number of Java threads
#   Decrease Java thread stack sizes (-Xss)
#   Set larger code cache with -XX:ReservedCodeCacheSize=
# This output file may be truncated or incomplete.
#
#  Out of Memory Error (allocation.cpp:390), pid=22244, tid=0x0000000000001e3c
#
# JRE version: Java(TM) SE Runtime Environment (8.0_111-b14) (build 1.8.0_111-b14)
# Java VM: Java HotSpot(TM) 64-Bit Server VM (25.111-b14 mixed mode windows-amd64 compressed oops)
# Failed to write core dump. Minidumps are not enabled by default on client versions of Windows
#

---------------  T H R E A D  ---------------

Current thread (0x000000001c9a1000):  JavaThread "C2 CompilerThread0" daemon [_thread_in_native, id=7740, stack(0x000000001e000000,0x000000001e100000)]

Stack: [0x000000001e000000,0x000000001e100000]
[error occurred during error reporting (printing stack bounds), id 0xc0000005]

Native frames: (J=compiled Java code, j=interpreted, Vv=VM code, C=native code)


Current CompileTask:
C2:    565  400       4       jdk.internal.org.objectweb.asm.Item::set (143 bytes)


---------------  P R O C E S S  ---------------

Java Threads: ( => current thread )
  0x000000001ed1e000 JavaThread "JavaFX Application Thread" [_thread_in_native, id=9820, stack(0x000000001fb50000,0x000000001fc50000)]
  0x000000001ed0e800 JavaThread "Thread-1" daemon [_thread_blocked, id=18176, stack(0x000000001fa50000,0x000000001fb50000)]
  0x000000001e6d4800 JavaThread "QuantumRenderer-0" daemon [_thread_blocked, id=18004, stack(0x000000001e900000,0x000000001ea00000)]
  0x000000001e328800 JavaThread "Service Thread" daemon [_thread_blocked, id=9648, stack(0x000000001e700000,0x000000001e800000)]
  0x000000001c9ab000 JavaThread "C1 CompilerThread2" daemon [_thread_blocked, id=21416, stack(0x000000001e200000,0x000000001e300000)]
  0x000000001c9a4800 JavaThread "C2 CompilerThread1" daemon [_thread_blocked, id=18756, stack(0x000000001e100000,0x000000001e200000)]
=>0x000000001c9a1000 JavaThread "C2 CompilerThread0" daemon [_thread_in_native, id=7740, stack(0x000000001e000000,0x000000001e100000)]
  0x000000001c99d800 JavaThread "Attach Listener" daemon [_thread_blocked, id=2500, stack(0x000000001df00000,0x000000001e000000)]
  0x000000001c99a800 JavaThread "Signal Dispatcher" daemon [_thread_blocked, id=20952, stack(0x000000001de00000,0x000000001df00000)]
  0x00000000033ca800 JavaThread "Finalizer" daemon [_thread_blocked, id=7732, stack(0x000000001dc00000,0x000000001dd00000)]
  0x00000000033c1000 JavaThread "Reference Handler" daemon [_thread_blocked, id=21312, stack(0x000000001db00000,0x000000001dc00000)]
  0x00000000032ce000 JavaThread "main" [_thread_in_vm, id=14536, stack(0x00000000030f0000,0x00000000031f0000)]

Other Threads:
  0x000000001c967000 VMThread [stack: 0x000000001da00000,0x000000001db00000] [id=11420]
  0x000000001c9fa000 WatcherThread [stack: 0x000000001e800000,0x000000001e900000] [id=5140]

VM state:not at safepoint (normal execution)

VM Mutex/Monitor currently owned by a thread:  ([mutex/lock_event])
[0x00000000032cc780] AdapterHandlerLibrary_lock - owner thread: 0x00000000032ce000

Heap:
 PSYoungGen      total 76288K, used 7030K [0x000000076b400000, 0x0000000770900000, 0x00000007c0000000)
  eden space 65536K, 10% used [0x000000076b400000,0x000000076badda08,0x000000076f400000)
  from space 10752K, 0% used [0x000000076f400000,0x000000076f400000,0x000000076fe80000)
  to   space 10752K, 0% used [0x000000076fe80000,0x000000076fe80000,0x0000000770900000)
 ParOldGen       total 123392K, used 651K [0x00000006c1c00000, 0x00000006c9480000, 0x000000076b400000)
  object space 123392K, 0% used [0x00000006c1c00000,0x00000006c1ca2ec8,0x00000006c9480000)
 Metaspace       used 6114K, capacity 6530K, committed 6784K, reserved 1058816K
  class space    used 703K, capacity 798K, committed 896K, reserved 1048576K

Card table byte_map: [0x0000000012790000,0x0000000012f90000] byte_map_base: 0x000000000f182000

Marking Bits: (ParMarkBitMap*) 0x0000000074d6a6c0
 Begin Bits: [0x00000000138e0000, 0x0000000017870000)
 End Bits:   [0x0000000017870000, 0x000000001b800000)

Polling page: 0x00000000013e0000

CodeCache: size=245760Kb used=1923Kb max_used=1923Kb free=243836Kb
 bounds [0x00000000033d0000, 0x0000000003640000, 0x00000000123d0000]
 total_blobs=774 nmethods=409 adapters=278
 compilation: enabled

Compilation events (10 events):
Event: 0.560 Thread 0x000000001c9ab000  406       3       java.util.WeakHashMap::put (162 bytes)
Event: 0.561 Thread 0x000000001c9ab000 nmethod 406 0x00000000035aded0 code [0x00000000035ae100, 0x00000000035aefb8]
Event: 0.561 Thread 0x000000001c9ab000  407       3       java.util.WeakHashMap$Entry::<init> (24 bytes)
Event: 0.561 Thread 0x000000001c9ab000 nmethod 407 0x00000000035ad890 code [0x00000000035ada00, 0x00000000035add50]
Event: 0.561 Thread 0x000000001c9ab000  408       3       java.util.WeakHashMap::remove (133 bytes)
Event: 0.562 Thread 0x000000001c9ab000 nmethod 408 0x00000000035b0190 code [0x00000000035b0380, 0x00000000035b0e68]
Event: 0.564 Thread 0x000000001c9ab000  409       3       sun.misc.URLClassPath::getResource (83 bytes)
Event: 0.564 Thread 0x000000001c9ab000 nmethod 409 0x00000000035ad190 code [0x00000000035ad320, 0x00000000035ad6e8]
Event: 0.564 Thread 0x000000001c9ab000  410       3       java.util.zip.ZipEntry::<init> (43 bytes)
Event: 0.564 Thread 0x000000001c9ab000 nmethod 410 0x00000000035b12d0 code [0x00000000035b1420, 0x00000000035b1630]

GC Heap History (4 events):
Event: 0.176 GC heap before
{Heap before GC invocations=1 (full 0):
 PSYoungGen      total 76288K, used 3932K [0x000000076b400000, 0x0000000770900000, 0x00000007c0000000)
  eden space 65536K, 6% used [0x000000076b400000,0x000000076b7d70e0,0x000000076f400000)
  from space 10752K, 0% used [0x000000076fe80000,0x000000076fe80000,0x0000000770900000)
  to   space 10752K, 0% used [0x000000076f400000,0x000000076f400000,0x000000076fe80000)
 ParOldGen       total 175104K, used 0K [0x00000006c1c00000, 0x00000006cc700000, 0x000000076b400000)
  object space 175104K, 0% used [0x00000006c1c00000,0x00000006c1c00000,0x00000006cc700000)
 Metaspace       used 4200K, capacity 4854K, committed 4992K, reserved 1060864K
  class space    used 486K, capacity 540K, committed 640K, reserved 1048576K
Event: 0.177 GC heap after
Heap after GC invocations=1 (full 0):
 PSYoungGen      total 76288K, used 736K [0x000000076b400000, 0x0000000770900000, 0x00000007c0000000)
  eden space 65536K, 0% used [0x000000076b400000,0x000000076b400000,0x000000076f400000)
  from space 10752K, 6% used [0x000000076f400000,0x000000076f4b8000,0x000000076fe80000)
  to   space 10752K, 0% used [0x000000076fe80000,0x000000076fe80000,0x0000000770900000)
 ParOldGen       total 175104K, used 8K [0x00000006c1c00000, 0x00000006cc700000, 0x000000076b400000)
  object space 175104K, 0% used [0x00000006c1c00000,0x00000006c1c02000,0x00000006cc700000)
 Metaspace       used 4200K, capacity 4854K, committed 4992K, reserved 1060864K
  class space    used 486K, capacity 540K, committed 640K, reserved 1048576K
}
Event: 0.177 GC heap before
{Heap before GC invocations=2 (full 1):
 PSYoungGen      total 76288K, used 736K [0x000000076b400000, 0x0000000770900000, 0x00000007c0000000)
  eden space 65536K, 0% used [0x000000076b400000,0x000000076b400000,0x000000076f400000)
  from space 10752K, 6% used [0x000000076f400000,0x000000076f4b8000,0x000000076fe80000)
  to   space 10752K, 0% used [0x000000076fe80000,0x000000076fe80000,0x0000000770900000)
 ParOldGen       total 175104K, used 8K [0x00000006c1c00000, 0x00000006cc700000, 0x000000076b400000)
  object space 175104K, 0% used [0x00000006c1c00000,0x00000006c1c02000,0x00000006cc700000)
 Metaspace       used 4200K, capacity 4854K, committed 4992K, reserved 1060864K
  class space    used 486K, capacity 540K, committed 640K, reserved 1048576K
Event: 0.184 GC heap after
Heap after GC invocations=2 (full 1):
 PSYoungGen      total 76288K, used 0K [0x000000076b400000, 0x0000000770900000, 0x00000007c0000000)
  eden space 65536K, 0% used [0x000000076b400000,0x000000076b400000,0x000000076f400000)
  from space 10752K, 0% used [0x000000076f400000,0x000000076f400000,0x000000076fe80000)
  to   space 10752K, 0% used [0x000000076fe80000,0x000000076fe80000,0x0000000770900000)
 ParOldGen       total 123392K, used 651K [0x00000006c1c00000, 0x00000006c9480000, 0x000000076b400000)
  object space 123392K, 0% used [0x00000006c1c00000,0x00000006c1ca2ec8,0x00000006c9480000)
 Metaspace       used 4200K, capacity 4854K, committed 4992K, reserved 1058816K
  class space    used 486K, capacity 540K, committed 640K, reserved 1048576K
}

Deoptimization events (1 events):
Event: 0.562 Thread 0x000000001ed1e000 Uncommon trap: reason=unstable_if action=reinterpret pc=0x00000000035755b0 method=java.lang.String.replace(CC)Ljava/lang/String; @ 26

Internal exceptions (9 events):
Event: 0.032 Thread 0x00000000032ce000 Exception <a 'java/lang/NoSuchMethodError': Method sun.misc.Unsafe.defineClass(Ljava/lang/String;[BII)Ljava/lang/Class; name or signature does not match> (0x000000076b407c78) thrown at [C:\re\workspace\8-2-build-windows-amd64-cygwin\jdk8u111\7883\hotspot\
Event: 0.032 Thread 0x00000000032ce000 Exception <a 'java/lang/NoSuchMethodError': Method sun.misc.Unsafe.prefetchRead(Ljava/lang/Object;J)V name or signature does not match> (0x000000076b407f60) thrown at [C:\re\workspace\8-2-build-windows-amd64-cygwin\jdk8u111\7883\hotspot\src\share\vm\prims
Event: 0.142 Thread 0x00000000032ce000 Exception <a 'java/lang/NoSuchFieldError': method resolution failed> (0x000000076b6d98c8) thrown at [C:\re\workspace\8-2-build-windows-amd64-cygwin\jdk8u111\7883\hotspot\src\share\vm\prims\methodHandles.cpp, line 1146]
Event: 0.144 Thread 0x00000000032ce000 Exception <a 'java/lang/NoSuchFieldError': method resolution failed> (0x000000076b6e6c48) thrown at [C:\re\workspace\8-2-build-windows-amd64-cygwin\jdk8u111\7883\hotspot\src\share\vm\prims\methodHandles.cpp, line 1146]
Event: 0.163 Thread 0x00000000032ce000 Exception <a 'java/security/PrivilegedActionException'> (0x000000076b7717a8) thrown at [C:\re\workspace\8-2-build-windows-amd64-cygwin\jdk8u111\7883\hotspot\src\share\vm\prims\jvm.cpp, line 1386]
Event: 0.163 Thread 0x00000000032ce000 Exception <a 'java/security/PrivilegedActionException'> (0x000000076b7719b8) thrown at [C:\re\workspace\8-2-build-windows-amd64-cygwin\jdk8u111\7883\hotspot\src\share\vm\prims\jvm.cpp, line 1386]
Event: 0.163 Thread 0x00000000032ce000 Exception <a 'java/security/PrivilegedActionException'> (0x000000076b7758a0) thrown at [C:\re\workspace\8-2-build-windows-amd64-cygwin\jdk8u111\7883\hotspot\src\share\vm\prims\jvm.cpp, line 1386]
Event: 0.163 Thread 0x00000000032ce000 Exception <a 'java/security/PrivilegedActionException'> (0x000000076b775ab0) thrown at [C:\re\workspace\8-2-build-windows-amd64-cygwin\jdk8u111\7883\hotspot\src\share\vm\prims\jvm.cpp, line 1386]
Event: 0.164 Thread 0x00000000032ce000 Exception <a 'java/lang/NullPointerException'> (0x000000076b776088) thrown at [C:\re\workspace\8-2-build-windows-amd64-cygwin\jdk8u111\7883\hotspot\src\share\vm\interpreter\linkResolver.cpp, line 1178]

Events (10 events):
Event: 0.562 loading class escenas/EscenaControlable done
Event: 0.562 Thread 0x000000001ed1e000 Uncommon trap: trap_request=0xffffff65 fr.pc=0x00000000035755b0
Event: 0.562 Thread 0x000000001ed1e000 DEOPT PACKING pc=0x00000000035755b0 sp=0x000000001fc4a250
Event: 0.562 Thread 0x000000001ed1e000 DEOPT UNPACKING pc=0x000000000341582a sp=0x000000001fc4a1d8 mode 2
Event: 0.562 loading class javafx/stage/Stage
Event: 0.562 loading class javafx/stage/Stage done
Event: 0.563 loading class javafx/stage/Window
Event: 0.563 loading class javafx/stage/Window done
Event: 0.563 loading class javafx/event/EventTarget
Event: 0.563 loading class javafx/event/EventTarget done


Dynamic libraries:
0x00007ff756490000 - 0x00007ff7564c7000 	C:\Program Files\Java\jdk1.8.0_111\jre\bin\java.exe
0x00007ffd22d10000 - 0x00007ffd22f05000 	C:\Windows\SYSTEM32\ntdll.dll
0x00007ffd22870000 - 0x00007ffd2292e000 	C:\Windows\System32\KERNEL32.DLL
0x00007ffd209c0000 - 0x00007ffd20c88000 	C:\Windows\System32\KERNELBASE.dll
0x00007ffd22080000 - 0x00007ffd2212c000 	C:\Windows\System32\ADVAPI32.dll
0x00007ffd21210000 - 0x00007ffd212ae000 	C:\Windows\System32\GDI32.dll
0x00007ffd22b00000 - 0x00007ffd22b9b000 	C:\Windows\System32\sechost.dll
0x00007ffd20d60000 - 0x00007ffd20e8a000 	C:\Windows\System32\ucrtbase.dll
0x00007ffd21860000 - 0x00007ffd21a01000 	C:\Windows\System32\USER32.dll
0x00007ffd20780000 - 0x00007ffd207a2000 	C:\Program Files\Java\jdk1.8.0_111\jre\bin\msvcr100.dll
0x00007ffd21730000 - 0x00007ffd2175b000 	C:\Program Files\Java\jdk1.8.0_111\jre\bin\server\jvm.dll
0x00007ffd20430000 - 0x00007ffd2053b000 	C:\Windows\System32\PSAPI.DLL
0x00007ffd20c90000 - 0x00007ffd20d2d000 	C:\Windows\System32\msvcp_win.dll
0x00007ffd20680000 - 0x00007ffd20780000 	C:\Windows\System32\ucrtbase.dll
0x00007ffd05100000 - 0x00007ffd0539a000 	C:\Windows\SYSTEM32\WINMM.dll
0x00007ffd22930000 - 0x00007ffd22960000 	C:\Windows\System32\WS2_32.dll
0x0000000074470000 - 0x0000000074542000 	C:\Program Files\Java\jdk1.8.0_111\jre\bin\msvcr100.dll
0x0000000074550000 - 0x0000000074dea000 	C:\Program Files\Java\jdk1.8.0_111\jre\bin\server\jvm.dll
0x00007ffd22a80000 - 0x00007ffd22a88000 	C:\Program Files\Java\jdk1.8.0_111\jre\bin\verify.dll
0x00007ffd06b20000 - 0x00007ffd06b29000 	C:\Program Files\Java\jdk1.8.0_111\jre\bin\java.dll
0x00007ffd040b0000 - 0x00007ffd040d7000 	C:\Windows\SYSTEM32\WINMM.dll
0x00007ffd217f0000 - 0x00007ffd2185b000 	C:\Windows\System32\WS2_32.dll
0x00007ffd18a80000 - 0x00007ffd18a8a000 	C:\Windows\SYSTEM32\VERSION.dll
0x0000000076950000 - 0x000000007695f000 	C:\Windows\SYSTEM32\ntdll.dll
0x0000000074440000 - 0x0000000074469000 	C:\Windows\System32\msvcrt.dll
0x0000000074420000 - 0x0000000074436000 	C:\Windows\System32\RPCRT4.dll
0x00007ffd22130000 - 0x00007ffd2286f000 	C:\Windows\System32\win32u.dll
0x00007ffd1e4f0000 - 0x00007ffd1ec80000 	C:\Windows\System32\gdi32full.dll
0x00007ffd20e90000 - 0x00007ffd211e5000 	C:\Windows\System32\combase.dll
0x00007ffd1fe80000 - 0x00007ffd1feae000 	C:\Windows\SYSTEM32\Wldp.dll
0x00007ffd21f70000 - 0x00007ffd2201d000 	C:\Windows\System32\IMM32.DLL
0x00007ffd22020000 - 0x00007ffd22075000 	C:\Program Files\Java\jdk1.8.0_111\jre\bin\server\jvm.dll
0x00007ffd20370000 - 0x00007ffd2038f000 	C:\Windows\SYSTEM32\WINMM.dll
0x00007ffcd1820000 - 0x00007ffcd190f000 	C:\Program Files\Java\jdk1.8.0_111\jre\bin\msvcr120.dll
0x00007ffcd8350000 - 0x00007ffcd83f6000 	C:\Program Files\Java\jdk1.8.0_111\jre\bin\java.dll
0x00000000740f0000 - 0x0000000074112000 	C:\Program Files\Java\jdk1.8.0_111\jre\bin\prism_d3d.dll
0x00007ffd0c2f0000 - 0x00007ffd0c4be000 	C:\Windows\system32\d3d9.dll
0x00007ffd1e380000 - 0x00007ffd1e392000 	C:\Windows\System32\KERNEL32.DLL
0x00007ffd1dd30000 - 0x00007ffd1dd5f000 	C:\Windows\System32\RPCRT4.dll
0x00007ffd1d9f0000 - 0x00007ffd1da8e000 	C:\Windows\System32\gdi32full.dll
0x00007ffd20d30000 - 0x00007ffd20d57000 	C:\Program Files\Java\jdk1.8.0_111\jre\bin\msvcr100.dll
0x00007ffd20010000 - 0x00007ffd20022000 	C:\Windows\System32\PSAPI.DLL
0x00007ffd0f070000 - 0x00007ffd0f0a1000 	C:\Windows\System32\WS2_32.dll
0x00007ffd20860000 - 0x00007ffd209b6000 	C:\Program Files\Java\jdk1.8.0_111\jre\bin\java.dll
0x00007ffd1fd10000 - 0x00007ffd1fd1c000 	C:\Windows\SYSTEM32\cryptbase.dll
0x00007ffd20540000 - 0x00007ffd205a0000 	C:\Windows\SYSTEM32\ntdll.dll
0x00007ffd211f0000 - 0x00007ffd2120d000 	C:\Windows\System32\msvcrt.dll
0x00007ffd1fdb0000 - 0x00007ffd1fdc8000 	C:\Windows\System32\win32u.dll
0x00007ffd1f4b0000 - 0x00007ffd1f4e4000 	C:\Windows\System32\msvcp_win.dll
0x00007ffd205f0000 - 0x00007ffd20673000 	C:\Windows\System32\IMM32.DLL
0x00000000740a0000 - 0x00000000740e3000 	C:\Program Files\Java\jdk1.8.0_111\jre\bin\server\jvm.dll
0x00007ffd21e90000 - 0x00007ffd21f6a000 	C:\Windows\System32\WS2_32.dll
0x00007ffd22ba0000 - 0x00007ffd22cca000 	C:\Program Files\Java\jdk1.8.0_111\jre\bin\java.dll
0x00007ffd213f0000 - 0x00007ffd214bd000 	C:\Windows\System32\OLEAUT32.dll
0x00007ffd22960000 - 0x00007ffd22a75000 	C:\Windows\SYSTEM32\ntdll.dll
0x00007ffcd41d0000 - 0x00007ffcd42d6000 	C:\Windows\System32\sechost.dll
0x00007ffd0ded0000 - 0x00007ffd0e01a000 	C:\Windows\System32\gdi32full.dll
0x00007ffd201d0000 - 0x00007ffd20204000 	C:\Program Files\Java\jdk1.8.0_111\jre\bin\msvcr100.dll
0x00007ffd205a0000 - 0x00007ffd205ee000 	C:\Windows\SYSTEM32\WSOCK32.dll
0x00007ffcbcb50000 - 0x00007ffcbe2e5000 	C:\Windows\System32\WS2_32.dll
0x00007ffcc13a0000 - 0x00007ffcc1663000 	C:\Program Files\Java\jdk1.8.0_111\jre\bin\verify.dll
0x00007ffd1f210000 - 0x00007ffd1f243000 	C:\Program Files\Java\jdk1.8.0_111\jre\bin\zip.dll
0x00007ffd1ec90000 - 0x00007ffd1ecb3000 	C:\Windows\System32\RPCRT4.dll
0x00007ffd13ce0000 - 0x00007ffd13d1b000 	C:\Windows\System32\msvcp_win.dll
0x00007ffccca70000 - 0x00007ffcccbd3000 	C:\Windows\System32\IMM32.DLL
0x00007ffcb4f30000 - 0x00007ffcb8934000 	C:\Windows\System32\PSAPI.DLL
0x00007ffd21a10000 - 0x00007ffd21e82000 	C:\Windows\System32\WS2_32.dll
0x00007ffd12050000 - 0x00007ffd1228f000 	C:\Program Files\Java\jdk1.8.0_111\jre\bin\zip.dll
0x00007ffd07420000 - 0x00007ffd07447000 	C:\Windows\System32\sechost.dll
0x00007ffd0f3e0000 - 0x00007ffd12042000 	C:\Windows\System32\ucrtbase.dll

VM Arguments:
jvm_args: -Dfile.encoding=UTF-8 
java_command: C:\Users\kazp_\Documents\NetBeansProjects\TickAndToe\dist\run435282168\TickAndToe.jar
java_class_path (initial): C:\Users\kazp_\Documents\NetBeansProjects\TickAndToe\dist\run435282168\TickAndToe.jar
Launcher Type: SUN_STANDARD

Environment Variables:
PATH=C:\Windows;C:\Windows;C:\Windows;C:\ProgramData\Oracle\Java\javapath;C:\Program Files (x86)\Common Files\Oracle\Java\javapath;C:\Windows\system32;C:\Windows;C:\Windows\System32\Wbem;C:\Windows\System32\WindowsPowerShell\v1.0\;C:\Windows\System32\OpenSSH\;C:\Program Files (x86)\IVI Foundation\VISA\WinNT\Bin;C:\Program Files\NVIDIA Corporation\NVIDIA NvDLISR;C:\Program Files\Git\cmd;C:\Program Files\Microsoft SQL Server\Client SDK\ODBC\170\Tools\Binn\;C:\Program Files (x86)\Microsoft SQL Server\150\Tools\Binn\;C:\Program Files\Microsoft SQL Server\150\Tools\Binn\;C:\Program Files\Microsoft SQL Server\150\DTS\Binn\;C:\Program Files\nodejs\;C:\MinGW\bin;;C:\Program Files (x86)\NVIDIA Corporation\PhysX\Common;C:\Users\kazp_\AppData\Local\Programs\Python\Python39\Scripts\;C:\Users\kazp_\AppData\Local\Programs\Python\Python39\;C:\Users\kazp_\AppData\Local\Microsoft\WindowsApps;;C:\Users\kazp_\AppData\Local\Programs\Microsoft VS Code\bin;C:\Users\kazp_\AppData\Roaming\npm
USERNAME=kazp_
OS=Windows_NT
PROCESSOR_IDENTIFIER=Intel64 Family 6 Model 142 Stepping 9, GenuineIntel



---------------  S Y S T E M  ---------------

OS: Windows 10.0 , 64 bit Build 19041 (10.0.19041.1348)

CPU:total 4 (2 cores per cpu, 2 threads per core) family 6 model 142 stepping 9, cmov, cx8, fxsr, mmx, sse, sse2, sse3, ssse3, sse4.1, sse4.2, popcnt, avx, avx2, aes, clmul, erms, 3dnowpref, lzcnt, ht, tsc, tscinvbit, bmi1, bmi2, adx

Memory: 4k page, physical 16658596k(7420392k free), swap 66990244k(5120k free)

vm_info: Java HotSpot(TM) 64-Bit Server VM (25.111-b14) for windows-amd64 JRE (1.8.0_111-b14), built on Sep 22 2016 19:24:05 by "java_re" with MS VC++ 10.0 (VS2010)

time: Tue Dec 07 18:48:02 2021
elapsed time: 0 seconds (0d 0h 0m 0s)

